# JRE version: OpenJDK Runtime Environment GraalVM CE 22.3.0 (17.0.5+8) (build 17.0.5+8-jvmci-22.3-b08)
# Java VM: OpenJDK 64-Bit Server VM GraalVM CE 22.3.0 (17.0.5+8-jvmci-22.3-b08, mixed mode, sharing, tiered, jvmci, jvmci compiler, compressed oops, compressed class ptrs, parallel gc, linux-amd64)
GC Precious Log:
 CPUs: 8 total, 1 available
 Memory: 1024M
 Large Page Support: Disabled
 NUMA Support: Disabled
 Compressed Oops: Enabled (32-bit)
 Alignments: Space 512K, Generation 512K, Heap 2M
 Heap Min Capacity: 100M
 Heap Initial Capacity: 100M
 Heap Max Capacity: 512M
 Pre-touch: Disabled
 Parallel Workers: 1
Heap:
 PSYoungGen      total 25088K, used 15360K [0x00000000f5580000, 0x00000000f7a00000, 0x0000000100000000)
  eden space 15360K, 100% used [0x00000000f5580000,0x00000000f6480000,0x00000000f6480000)
  from space 9728K, 0% used [0x00000000f7080000,0x00000000f7080000,0x00000000f7a00000)
  to   space 6144K, 0% used [0x00000000f6480000,0x00000000f6480000,0x00000000f6a80000)
 ParOldGen       total 349696K, used 349696K [0x00000000e0000000, 0x00000000f5580000, 0x00000000f5580000)
  object space 349696K, 100% used [0x00000000e0000000,0x00000000f5580000,0x00000000f5580000)
 Metaspace       used 60656K, committed 61568K, reserved 1105920K
  class space    used 5996K, committed 6464K, reserved 1048576K
GC Heap History (20 events):
Event: 1369.837 GC heap before
{Heap before GC invocations=1163 (full 1047):
 PSYoungGen      total 25088K, used 15360K [0x00000000f5580000, 0x00000000f7a00000, 0x0000000100000000)
  eden space 15360K, 100% used [0x00000000f5580000,0x00000000f6480000,0x00000000f6480000)
  from space 9728K, 0% used [0x00000000f7080000,0x00000000f7080000,0x00000000f7a00000)
  to   space 6144K, 0% used [0x00000000f6480000,0x00000000f6480000,0x00000000f6a80000)
 ParOldGen       total 349696K, used 349696K [0x00000000e0000000, 0x00000000f5580000, 0x00000000f5580000)
  object space 349696K, 100% used [0x00000000e0000000,0x00000000f5580000,0x00000000f5580000)
 Metaspace       used 60656K, committed 61568K, reserved 1105920K
  class space    used 5996K, committed 6464K, reserved 1048576K
}
Event: 1370.983 GC heap after
{Heap after GC invocations=1163 (full 1047):
 PSYoungGen      total 21504K, used 15360K [0x00000000f5580000, 0x00000000f7a00000, 0x0000000100000000)
  eden space 15360K, 100% used [0x00000000f5580000,0x00000000f6480000,0x00000000f6480000)
  from space 6144K, 0% used [0x00000000f6480000,0x00000000f6480000,0x00000000f6a80000)
  to   space 9728K, 0% used [0x00000000f7080000,0x00000000f7080000,0x00000000f7a00000)
 ParOldGen       total 349696K, used 349695K [0x00000000e0000000, 0x00000000f5580000, 0x00000000f5580000)
  object space 349696K, 99% used [0x00000000e0000000,0x00000000f557fff0,0x00000000f5580000)
 Metaspace       used 60656K, committed 61568K, reserved 1105920K
  class space    used 5996K, committed 6464K, reserved 1048576K
}
Event: 1370.991 GC heap before
{Heap before GC invocations=1164 (full 1048):
 PSYoungGen      total 21504K, used 15360K [0x00000000f5580000, 0x00000000f7a00000, 0x0000000100000000)
  eden space 15360K, 100% used [0x00000000f5580000,0x00000000f6480000,0x00000000f6480000)
  from space 6144K, 0% used [0x00000000f6480000,0x00000000f6480000,0x00000000f6a80000)
  to   space 9728K, 0% used [0x00000000f7080000,0x00000000f7080000,0x00000000f7a00000)
 ParOldGen       total 349696K, used 349696K [0x00000000e0000000, 0x00000000f5580000, 0x00000000f5580000)
  object space 349696K, 100% used [0x00000000e0000000,0x00000000f5580000,0x00000000f5580000)
 Metaspace       used 60656K, committed 61568K, reserved 1105920K
  class space    used 5996K, committed 6464K, reserved 1048576K
}
Event: 1372.238 GC heap after
{Heap after GC invocations=1164 (full 1048):
 PSYoungGen      total 25088K, used 15360K [0x00000000f5580000, 0x00000000f7a00000, 0x0000000100000000)
  eden space 15360K, 100% used [0x00000000f5580000,0x00000000f6480000,0x00000000f6480000)
  from space 9728K, 0% used [0x00000000f7080000,0x00000000f7080000,0x00000000f7a00000)
  to   space 6144K, 0% used [0x00000000f6480000,0x00000000f6480000,0x00000000f6a80000)
 ParOldGen       total 349696K, used 349695K [0x00000000e0000000, 0x00000000f5580000, 0x00000000f5580000)
  object space 349696K, 99% used [0x00000000e0000000,0x00000000f557fff0,0x00000000f5580000)
 Metaspace       used 60656K, committed 61568K, reserved 1105920K
  class space    used 5996K, committed 6464K, reserved 1048576K
}
Event: 1372.238 GC heap before
{Heap before GC invocations=1165 (full 1049):
 PSYoungGen      total 25088K, used 15360K [0x00000000f5580000, 0x00000000f7a00000, 0x0000000100000000)
  eden space 15360K, 100% used [0x00000000f5580000,0x00000000f6480000,0x00000000f6480000)
  from space 9728K, 0% used [0x00000000f7080000,0x00000000f7080000,0x00000000f7a00000)
  to   space 6144K, 0% used [0x00000000f6480000,0x00000000f6480000,0x00000000f6a80000)
 ParOldGen       total 349696K, used 349695K [0x00000000e0000000, 0x00000000f5580000, 0x00000000f5580000)
  object space 349696K, 99% used [0x00000000e0000000,0x00000000f557fff0,0x00000000f5580000)
 Metaspace       used 60656K, committed 61568K, reserved 1105920K
  class space    used 5996K, committed 6464K, reserved 1048576K
}
Event: 1373.444 GC heap after
{Heap after GC invocations=1165 (full 1049):
 PSYoungGen      total 21504K, used 15360K [0x00000000f5580000, 0x00000000f7a00000, 0x0000000100000000)
  eden space 15360K, 100% used [0x00000000f5580000,0x00000000f6480000,0x00000000f6480000)
  from space 6144K, 0% used [0x00000000f6480000,0x00000000f6480000,0x00000000f6a80000)
  to   space 9728K, 0% used [0x00000000f7080000,0x00000000f7080000,0x00000000f7a00000)
 ParOldGen       total 349696K, used 349695K [0x00000000e0000000, 0x00000000f5580000, 0x00000000f5580000)
  object space 349696K, 99% used [0x00000000e0000000,0x00000000f557fff0,0x00000000f5580000)
 Metaspace       used 60656K, committed 61568K, reserved 1105920K
  class space    used 5996K, committed 6464K, reserved 1048576K
}
Event: 1373.447 GC heap before
{Heap before GC invocations=1166 (full 1050):
 PSYoungGen      total 21504K, used 15360K [0x00000000f5580000, 0x00000000f7a00000, 0x0000000100000000)
  eden space 15360K, 100% used [0x00000000f5580000,0x00000000f6480000,0x00000000f6480000)
  from space 6144K, 0% used [0x00000000f6480000,0x00000000f6480000,0x00000000f6a80000)
  to   space 9728K, 0% used [0x00000000f7080000,0x00000000f7080000,0x00000000f7a00000)
 ParOldGen       total 349696K, used 349695K [0x00000000e0000000, 0x00000000f5580000, 0x00000000f5580000)
  object space 349696K, 99% used [0x00000000e0000000,0x00000000f557fff0,0x00000000f5580000)
 Metaspace       used 60656K, committed 61568K, reserved 1105920K
  class space    used 5996K, committed 6464K, reserved 1048576K
}
Event: 1374.772 GC heap after
{Heap after GC invocations=1166 (full 1050):
 PSYoungGen      total 25088K, used 15360K [0x00000000f5580000, 0x00000000f7a00000, 0x0000000100000000)
  eden space 15360K, 100% used [0x00000000f5580000,0x00000000f6480000,0x00000000f6480000)
  from space 9728K, 0% used [0x00000000f7080000,0x00000000f7080000,0x00000000f7a00000)
  to   space 6144K, 0% used [0x00000000f6480000,0x00000000f6480000,0x00000000f6a80000)
 ParOldGen       total 349696K, used 349694K [0x00000000e0000000, 0x00000000f5580000, 0x00000000f5580000)
  object space 349696K, 99% used [0x00000000e0000000,0x00000000f557fa30,0x00000000f5580000)
 Metaspace       used 60656K, committed 61568K, reserved 1105920K
  class space    used 5996K, committed 6464K, reserved 1048576K
}
Event: 1374.772 GC heap before
{Heap before GC invocations=1167 (full 1051):
 PSYoungGen      total 25088K, used 15360K [0x00000000f5580000, 0x00000000f7a00000, 0x0000000100000000)
  eden space 15360K, 100% used [0x00000000f5580000,0x00000000f6480000,0x00000000f6480000)
  from space 9728K, 0% used [0x00000000f7080000,0x00000000f7080000,0x00000000f7a00000)
  to   space 6144K, 0% used [0x00000000f6480000,0x00000000f6480000,0x00000000f6a80000)
 ParOldGen       total 349696K, used 349694K [0x00000000e0000000, 0x00000000f5580000, 0x00000000f5580000)
  object space 349696K, 99% used [0x00000000e0000000,0x00000000f557fba0,0x00000000f5580000)
 Metaspace       used 60656K, committed 61568K, reserved 1105920K
  class space    used 5996K, committed 6464K, reserved 1048576K
}
Event: 1376.036 GC heap after
{Heap after GC invocations=1167 (full 1051):
 PSYoungGen      total 21504K, used 15360K [0x00000000f5580000, 0x00000000f7a00000, 0x0000000100000000)
  eden space 15360K, 100% used [0x00000000f5580000,0x00000000f6480000,0x00000000f6480000)
  from space 6144K, 0% used [0x00000000f6480000,0x00000000f6480000,0x00000000f6a80000)
  to   space 9728K, 0% used [0x00000000f7080000,0x00000000f7080000,0x00000000f7a00000)
 ParOldGen       total 349696K, used 349694K [0x00000000e0000000, 0x00000000f5580000, 0x00000000f5580000)
  object space 349696K, 99% used [0x00000000e0000000,0x00000000f557fad8,0x00000000f5580000)
 Metaspace       used 60656K, committed 61568K, reserved 1105920K
  class space    used 5996K, committed 6464K, reserved 1048576K
}
Event: 1376.038 GC heap before
{Heap before GC invocations=1168 (full 1052):
 PSYoungGen      total 21504K, used 15360K [0x00000000f5580000, 0x00000000f7a00000, 0x0000000100000000)
  eden space 15360K, 100% used [0x00000000f5580000,0x00000000f6480000,0x00000000f6480000)
  from space 6144K, 0% used [0x00000000f6480000,0x00000000f6480000,0x00000000f6a80000)
  to   space 9728K, 0% used [0x00000000f7080000,0x00000000f7080000,0x00000000f7a00000)
 ParOldGen       total 349696K, used 349696K [0x00000000e0000000, 0x00000000f5580000, 0x00000000f5580000)
  object space 349696K, 100% used [0x00000000e0000000,0x00000000f5580000,0x00000000f5580000)
 Metaspace       used 60656K, committed 61568K, reserved 1105920K
  class space    used 5996K, committed 6464K, reserved 1048576K
}
Event: 1377.296 GC heap after
{Heap after GC invocations=1168 (full 1052):
 PSYoungGen      total 25088K, used 15360K [0x00000000f5580000, 0x00000000f7a00000, 0x0000000100000000)
  eden space 15360K, 100% used [0x00000000f5580000,0x00000000f6480000,0x00000000f6480000)
  from space 9728K, 0% used [0x00000000f7080000,0x00000000f7080000,0x00000000f7a00000)
  to   space 6144K, 0% used [0x00000000f6480000,0x00000000f6480000,0x00000000f6a80000)
 ParOldGen       total 349696K, used 349695K [0x00000000e0000000, 0x00000000f5580000, 0x00000000f5580000)
  object space 349696K, 99% used [0x00000000e0000000,0x00000000f557fd60,0x00000000f5580000)
 Metaspace       used 60656K, committed 61568K, reserved 1105920K
  class space    used 5996K, committed 6464K, reserved 1048576K
}
Event: 1377.302 GC heap before
{Heap before GC invocations=1169 (full 1053):
 PSYoungGen      total 25088K, used 15360K [0x00000000f5580000, 0x00000000f7a00000, 0x0000000100000000)
  eden space 15360K, 100% used [0x00000000f5580000,0x00000000f6480000,0x00000000f6480000)
  from space 9728K, 0% used [0x00000000f7080000,0x00000000f7080000,0x00000000f7a00000)
  to   space 6144K, 0% used [0x00000000f6480000,0x00000000f6480000,0x00000000f6a80000)
 ParOldGen       total 349696K, used 349695K [0x00000000e0000000, 0x00000000f5580000, 0x00000000f5580000)
  object space 349696K, 99% used [0x00000000e0000000,0x00000000f557ffb8,0x00000000f5580000)
 Metaspace       used 60656K, committed 61568K, reserved 1105920K
  class space    used 5996K, committed 6464K, reserved 1048576K
}
Event: 1378.585 GC heap after
{Heap after GC invocations=1169 (full 1053):
 PSYoungGen      total 21504K, used 15360K [0x00000000f5580000, 0x00000000f7a00000, 0x0000000100000000)
  eden space 15360K, 100% used [0x00000000f5580000,0x00000000f6480000,0x00000000f6480000)
  from space 6144K, 0% used [0x00000000f6480000,0x00000000f6480000,0x00000000f6a80000)
  to   space 9728K, 0% used [0x00000000f7080000,0x00000000f7080000,0x00000000f7a00000)
 ParOldGen       total 349696K, used 349694K [0x00000000e0000000, 0x00000000f5580000, 0x00000000f5580000)
  object space 349696K, 99% used [0x00000000e0000000,0x00000000f557fbe0,0x00000000f5580000)
 Metaspace       used 60656K, committed 61568K, reserved 1105920K
  class space    used 5996K, committed 6464K, reserved 1048576K
}
Event: 1378.587 GC heap before
{Heap before GC invocations=1170 (full 1054):
 PSYoungGen      total 21504K, used 15360K [0x00000000f5580000, 0x00000000f7a00000, 0x0000000100000000)
  eden space 15360K, 100% used [0x00000000f5580000,0x00000000f6480000,0x00000000f6480000)
  from space 6144K, 0% used [0x00000000f6480000,0x00000000f6480000,0x00000000f6a80000)
  to   space 9728K, 0% used [0x00000000f7080000,0x00000000f7080000,0x00000000f7a00000)
 ParOldGen       total 349696K, used 349695K [0x00000000e0000000, 0x00000000f5580000, 0x00000000f5580000)
  object space 349696K, 99% used [0x00000000e0000000,0x00000000f557fec0,0x00000000f5580000)
 Metaspace       used 60656K, committed 61568K, reserved 1105920K
  class space    used 5996K, committed 6464K, reserved 1048576K
}
Event: 1379.841 GC heap after
{Heap after GC invocations=1170 (full 1054):
 PSYoungGen      total 25088K, used 15360K [0x00000000f5580000, 0x00000000f7a00000, 0x0000000100000000)
  eden space 15360K, 100% used [0x00000000f5580000,0x00000000f6480000,0x00000000f6480000)
  from space 9728K, 0% used [0x00000000f7080000,0x00000000f7080000,0x00000000f7a00000)
  to   space 6144K, 0% used [0x00000000f6480000,0x00000000f6480000,0x00000000f6a80000)
 ParOldGen       total 349696K, used 349695K [0x00000000e0000000, 0x00000000f5580000, 0x00000000f5580000)
  object space 349696K, 99% used [0x00000000e0000000,0x00000000f557fc48,0x00000000f5580000)
 Metaspace       used 60656K, committed 61568K, reserved 1105920K
  class space    used 5996K, committed 6464K, reserved 1048576K
}
Event: 1379.842 GC heap before
{Heap before GC invocations=1171 (full 1055):
 PSYoungGen      total 25088K, used 15360K [0x00000000f5580000, 0x00000000f7a00000, 0x0000000100000000)
  eden space 15360K, 100% used [0x00000000f5580000,0x00000000f6480000,0x00000000f6480000)
  from space 9728K, 0% used [0x00000000f7080000,0x00000000f7080000,0x00000000f7a00000)
  to   space 6144K, 0% used [0x00000000f6480000,0x00000000f6480000,0x00000000f6a80000)
 ParOldGen       total 349696K, used 349695K [0x00000000e0000000, 0x00000000f5580000, 0x00000000f5580000)
  object space 349696K, 99% used [0x00000000e0000000,0x00000000f557fcb0,0x00000000f5580000)
 Metaspace       used 60656K, committed 61568K, reserved 1105920K
  class space    used 5996K, committed 6464K, reserved 1048576K
}
Event: 1381.080 GC heap after
{Heap after GC invocations=1171 (full 1055):
 PSYoungGen      total 21504K, used 15360K [0x00000000f5580000, 0x00000000f7a00000, 0x0000000100000000)
  eden space 15360K, 100% used [0x00000000f5580000,0x00000000f6480000,0x00000000f6480000)
  from space 6144K, 0% used [0x00000000f6480000,0x00000000f6480000,0x00000000f6a80000)
  to   space 9728K, 0% used [0x00000000f7080000,0x00000000f7080000,0x00000000f7a00000)
 ParOldGen       total 349696K, used 349695K [0x00000000e0000000, 0x00000000f5580000, 0x00000000f5580000)
  object space 349696K, 99% used [0x00000000e0000000,0x00000000f557fc60,0x00000000f5580000)
 Metaspace       used 60656K, committed 61568K, reserved 1105920K
  class space    used 5996K, committed 6464K, reserved 1048576K
}
Event: 1381.080 GC heap before
{Heap before GC invocations=1172 (full 1056):
 PSYoungGen      total 21504K, used 15360K [0x00000000f5580000, 0x00000000f7a00000, 0x0000000100000000)
  eden space 15360K, 100% used [0x00000000f5580000,0x00000000f6480000,0x00000000f6480000)
  from space 6144K, 0% used [0x00000000f6480000,0x00000000f6480000,0x00000000f6a80000)
  to   space 9728K, 0% used [0x00000000f7080000,0x00000000f7080000,0x00000000f7a00000)
 ParOldGen       total 349696K, used 349695K [0x00000000e0000000, 0x00000000f5580000, 0x00000000f5580000)
  object space 349696K, 99% used [0x00000000e0000000,0x00000000f557fc60,0x00000000f5580000)
 Metaspace       used 60656K, committed 61568K, reserved 1105920K
  class space    used 5996K, committed 6464K, reserved 1048576K
}
Event: 1382.454 GC heap after
{Heap after GC invocations=1172 (full 1056):
 PSYoungGen      total 25088K, used 15360K [0x00000000f5580000, 0x00000000f7a00000, 0x0000000100000000)
  eden space 15360K, 100% used [0x00000000f5580000,0x00000000f6480000,0x00000000f6480000)
  from space 9728K, 0% used [0x00000000f7080000,0x00000000f7080000,0x00000000f7a00000)
  to   space 6144K, 0% used [0x00000000f6480000,0x00000000f6480000,0x00000000f6a80000)
 ParOldGen       total 349696K, used 349695K [0x00000000e0000000, 0x00000000f5580000, 0x00000000f5580000)
  object space 349696K, 99% used [0x00000000e0000000,0x00000000f557fc60,0x00000000f5580000)
 Metaspace       used 60656K, committed 61568K, reserved 1105920K
  class space    used 5996K, committed 6464K, reserved 1048576K
}

