# JRE version: OpenJDK Runtime Environment GraalVM CE 22.3.0 (17.0.5+8) (build 17.0.5+8-jvmci-22.3-b08)
# Java VM: OpenJDK 64-Bit Server VM GraalVM CE 22.3.0 (17.0.5+8-jvmci-22.3-b08, mixed mode, sharing, tiered, jvmci, jvmci compiler, compressed oops, compressed class ptrs, parallel gc, linux-amd64)
GC Precious Log:
 CPUs: 8 total, 1 available
 Memory: 1024M
 Large Page Support: Disabled
 NUMA Support: Disabled
 Compressed Oops: Enabled (32-bit)
 Alignments: Space 512K, Generation 512K, Heap 2M
 Heap Min Capacity: 100M
 Heap Initial Capacity: 100M
 Heap Max Capacity: 512M
 Pre-touch: Disabled
 Parallel Workers: 1
Heap:
 PSYoungGen      total 15872K, used 11263K [0x00000000f5580000, 0x00000000f6a00000, 0x0000000100000000)
  eden space 11264K, 99% used [0x00000000f5580000,0x00000000f607fff8,0x00000000f6080000)
  from space 4608K, 0% used [0x00000000f6080000,0x00000000f6080000,0x00000000f6500000)
  to   space 4608K, 0% used [0x00000000f6500000,0x00000000f6500000,0x00000000f6980000)
 ParOldGen       total 349696K, used 349694K [0x00000000e0000000, 0x00000000f5580000, 0x00000000f5580000)
  object space 349696K, 99% used [0x00000000e0000000,0x00000000f557fb70,0x00000000f5580000)
 Metaspace       used 58015K, committed 58880K, reserved 1105920K
  class space    used 5724K, committed 6080K, reserved 1048576K
GC Heap History (20 events):
Event: 1132.676 GC heap before
{Heap before GC invocations=478 (full 329):
 PSYoungGen      total 15872K, used 11264K [0x00000000f5580000, 0x00000000f6a00000, 0x0000000100000000)
  eden space 11264K, 100% used [0x00000000f5580000,0x00000000f6080000,0x00000000f6080000)
  from space 4608K, 0% used [0x00000000f6080000,0x00000000f6080000,0x00000000f6500000)
  to   space 4608K, 0% used [0x00000000f6500000,0x00000000f6500000,0x00000000f6980000)
 ParOldGen       total 349696K, used 349695K [0x00000000e0000000, 0x00000000f5580000, 0x00000000f5580000)
  object space 349696K, 99% used [0x00000000e0000000,0x00000000f557fc30,0x00000000f5580000)
 Metaspace       used 58015K, committed 58880K, reserved 1105920K
  class space    used 5724K, committed 6080K, reserved 1048576K
}
Event: 1133.875 GC heap after
{Heap after GC invocations=478 (full 329):
 PSYoungGen      total 15872K, used 11263K [0x00000000f5580000, 0x00000000f6a00000, 0x0000000100000000)
  eden space 11264K, 99% used [0x00000000f5580000,0x00000000f607fe50,0x00000000f6080000)
  from space 4608K, 0% used [0x00000000f6500000,0x00000000f6500000,0x00000000f6980000)
  to   space 4608K, 0% used [0x00000000f6080000,0x00000000f6080000,0x00000000f6500000)
 ParOldGen       total 349696K, used 349692K [0x00000000e0000000, 0x00000000f5580000, 0x00000000f5580000)
  object space 349696K, 99% used [0x00000000e0000000,0x00000000f557f090,0x00000000f5580000)
 Metaspace       used 58015K, committed 58880K, reserved 1105920K
  class space    used 5724K, committed 6080K, reserved 1048576K
}
Event: 1133.877 GC heap before
{Heap before GC invocations=479 (full 330):
 PSYoungGen      total 15872K, used 11263K [0x00000000f5580000, 0x00000000f6a00000, 0x0000000100000000)
  eden space 11264K, 99% used [0x00000000f5580000,0x00000000f607ffe0,0x00000000f6080000)
  from space 4608K, 0% used [0x00000000f6500000,0x00000000f6500000,0x00000000f6980000)
  to   space 4608K, 0% used [0x00000000f6080000,0x00000000f6080000,0x00000000f6500000)
 ParOldGen       total 349696K, used 349692K [0x00000000e0000000, 0x00000000f5580000, 0x00000000f5580000)
  object space 349696K, 99% used [0x00000000e0000000,0x00000000f557f090,0x00000000f5580000)
 Metaspace       used 58015K, committed 58880K, reserved 1105920K
  class space    used 5724K, committed 6080K, reserved 1048576K
}
Event: 1135.083 GC heap after
{Heap after GC invocations=479 (full 330):
 PSYoungGen      total 15872K, used 11263K [0x00000000f5580000, 0x00000000f6a00000, 0x0000000100000000)
  eden space 11264K, 99% used [0x00000000f5580000,0x00000000f607ff90,0x00000000f6080000)
  from space 4608K, 0% used [0x00000000f6080000,0x00000000f6080000,0x00000000f6500000)
  to   space 4608K, 0% used [0x00000000f6500000,0x00000000f6500000,0x00000000f6980000)
 ParOldGen       total 349696K, used 349691K [0x00000000e0000000, 0x00000000f5580000, 0x00000000f5580000)
  object space 349696K, 99% used [0x00000000e0000000,0x00000000f557ef58,0x00000000f5580000)
 Metaspace       used 58015K, committed 58880K, reserved 1105920K
  class space    used 5724K, committed 6080K, reserved 1048576K
}
Event: 1135.096 GC heap before
{Heap before GC invocations=480 (full 331):
 PSYoungGen      total 15872K, used 11264K [0x00000000f5580000, 0x00000000f6a00000, 0x0000000100000000)
  eden space 11264K, 100% used [0x00000000f5580000,0x00000000f6080000,0x00000000f6080000)
  from space 4608K, 0% used [0x00000000f6080000,0x00000000f6080000,0x00000000f6500000)
  to   space 4608K, 0% used [0x00000000f6500000,0x00000000f6500000,0x00000000f6980000)
 ParOldGen       total 349696K, used 349691K [0x00000000e0000000, 0x00000000f5580000, 0x00000000f5580000)
  object space 349696K, 99% used [0x00000000e0000000,0x00000000f557ef58,0x00000000f5580000)
 Metaspace       used 58015K, committed 58880K, reserved 1105920K
  class space    used 5724K, committed 6080K, reserved 1048576K
}
Event: 1136.344 GC heap after
{Heap after GC invocations=480 (full 331):
 PSYoungGen      total 15872K, used 11263K [0x00000000f5580000, 0x00000000f6a00000, 0x0000000100000000)
  eden space 11264K, 99% used [0x00000000f5580000,0x00000000f607ffc0,0x00000000f6080000)
  from space 4608K, 0% used [0x00000000f6500000,0x00000000f6500000,0x00000000f6980000)
  to   space 4608K, 0% used [0x00000000f6080000,0x00000000f6080000,0x00000000f6500000)
 ParOldGen       total 349696K, used 349691K [0x00000000e0000000, 0x00000000f5580000, 0x00000000f5580000)
  object space 349696K, 99% used [0x00000000e0000000,0x00000000f557ef58,0x00000000f5580000)
 Metaspace       used 58015K, committed 58880K, reserved 1105920K
  class space    used 5724K, committed 6080K, reserved 1048576K
}
Event: 1136.348 GC heap before
{Heap before GC invocations=481 (full 332):
 PSYoungGen      total 15872K, used 11263K [0x00000000f5580000, 0x00000000f6a00000, 0x0000000100000000)
  eden space 11264K, 99% used [0x00000000f5580000,0x00000000f607ffd8,0x00000000f6080000)
  from space 4608K, 0% used [0x00000000f6500000,0x00000000f6500000,0x00000000f6980000)
  to   space 4608K, 0% used [0x00000000f6080000,0x00000000f6080000,0x00000000f6500000)
 ParOldGen       total 349696K, used 349691K [0x00000000e0000000, 0x00000000f5580000, 0x00000000f5580000)
  object space 349696K, 99% used [0x00000000e0000000,0x00000000f557ef58,0x00000000f5580000)
 Metaspace       used 58015K, committed 58880K, reserved 1105920K
  class space    used 5724K, committed 6080K, reserved 1048576K
}
Event: 1137.487 GC heap after
{Heap after GC invocations=481 (full 332):
 PSYoungGen      total 15872K, used 11263K [0x00000000f5580000, 0x00000000f6a00000, 0x0000000100000000)
  eden space 11264K, 99% used [0x00000000f5580000,0x00000000f607ffd8,0x00000000f6080000)
  from space 4608K, 0% used [0x00000000f6080000,0x00000000f6080000,0x00000000f6500000)
  to   space 4608K, 0% used [0x00000000f6500000,0x00000000f6500000,0x00000000f6980000)
 ParOldGen       total 349696K, used 349691K [0x00000000e0000000, 0x00000000f5580000, 0x00000000f5580000)
  object space 349696K, 99% used [0x00000000e0000000,0x00000000f557ef58,0x00000000f5580000)
 Metaspace       used 58015K, committed 58880K, reserved 1105920K
  class space    used 5724K, committed 6080K, reserved 1048576K
}
Event: 1137.488 GC heap before
{Heap before GC invocations=482 (full 333):
 PSYoungGen      total 15872K, used 11264K [0x00000000f5580000, 0x00000000f6a00000, 0x0000000100000000)
  eden space 11264K, 100% used [0x00000000f5580000,0x00000000f6080000,0x00000000f6080000)
  from space 4608K, 0% used [0x00000000f6080000,0x00000000f6080000,0x00000000f6500000)
  to   space 4608K, 0% used [0x00000000f6500000,0x00000000f6500000,0x00000000f6980000)
 ParOldGen       total 349696K, used 349694K [0x00000000e0000000, 0x00000000f5580000, 0x00000000f5580000)
  object space 349696K, 99% used [0x00000000e0000000,0x00000000f557f938,0x00000000f5580000)
 Metaspace       used 58015K, committed 58880K, reserved 1105920K
  class space    used 5724K, committed 6080K, reserved 1048576K
}
Event: 1138.858 GC heap after
{Heap after GC invocations=482 (full 333):
 PSYoungGen      total 15872K, used 11263K [0x00000000f5580000, 0x00000000f6a00000, 0x0000000100000000)
  eden space 11264K, 99% used [0x00000000f5580000,0x00000000f607fec0,0x00000000f6080000)
  from space 4608K, 0% used [0x00000000f6500000,0x00000000f6500000,0x00000000f6980000)
  to   space 4608K, 0% used [0x00000000f6080000,0x00000000f6080000,0x00000000f6500000)
 ParOldGen       total 349696K, used 349692K [0x00000000e0000000, 0x00000000f5580000, 0x00000000f5580000)
  object space 349696K, 99% used [0x00000000e0000000,0x00000000f557f248,0x00000000f5580000)
 Metaspace       used 58015K, committed 58880K, reserved 1105920K
  class space    used 5724K, committed 6080K, reserved 1048576K
}
Event: 1138.860 GC heap before
{Heap before GC invocations=483 (full 334):
 PSYoungGen      total 15872K, used 11263K [0x00000000f5580000, 0x00000000f6a00000, 0x0000000100000000)
  eden space 11264K, 99% used [0x00000000f5580000,0x00000000f607fff8,0x00000000f6080000)
  from space 4608K, 0% used [0x00000000f6500000,0x00000000f6500000,0x00000000f6980000)
  to   space 4608K, 0% used [0x00000000f6080000,0x00000000f6080000,0x00000000f6500000)
 ParOldGen       total 349696K, used 349692K [0x00000000e0000000, 0x00000000f5580000, 0x00000000f5580000)
  object space 349696K, 99% used [0x00000000e0000000,0x00000000f557f248,0x00000000f5580000)
 Metaspace       used 58015K, committed 58880K, reserved 1105920K
  class space    used 5724K, committed 6080K, reserved 1048576K
}
Event: 1140.158 GC heap after
{Heap after GC invocations=483 (full 334):
 PSYoungGen      total 15872K, used 11263K [0x00000000f5580000, 0x00000000f6a00000, 0x0000000100000000)
  eden space 11264K, 99% used [0x00000000f5580000,0x00000000f607fff8,0x00000000f6080000)
  from space 4608K, 0% used [0x00000000f6080000,0x00000000f6080000,0x00000000f6500000)
  to   space 4608K, 0% used [0x00000000f6500000,0x00000000f6500000,0x00000000f6980000)
 ParOldGen       total 349696K, used 349692K [0x00000000e0000000, 0x00000000f5580000, 0x00000000f5580000)
  object space 349696K, 99% used [0x00000000e0000000,0x00000000f557f248,0x00000000f5580000)
 Metaspace       used 58015K, committed 58880K, reserved 1105920K
  class space    used 5724K, committed 6080K, reserved 1048576K
}
Event: 1140.159 GC heap before
{Heap before GC invocations=484 (full 335):
 PSYoungGen      total 15872K, used 11263K [0x00000000f5580000, 0x00000000f6a00000, 0x0000000100000000)
  eden space 11264K, 99% used [0x00000000f5580000,0x00000000f607fff8,0x00000000f6080000)
  from space 4608K, 0% used [0x00000000f6080000,0x00000000f6080000,0x00000000f6500000)
  to   space 4608K, 0% used [0x00000000f6500000,0x00000000f6500000,0x00000000f6980000)
 ParOldGen       total 349696K, used 349696K [0x00000000e0000000, 0x00000000f5580000, 0x00000000f5580000)
  object space 349696K, 100% used [0x00000000e0000000,0x00000000f5580000,0x00000000f5580000)
 Metaspace       used 58015K, committed 58880K, reserved 1105920K
  class space    used 5724K, committed 6080K, reserved 1048576K
}
Event: 1141.456 GC heap after
{Heap after GC invocations=484 (full 335):
 PSYoungGen      total 15872K, used 11263K [0x00000000f5580000, 0x00000000f6a00000, 0x0000000100000000)
  eden space 11264K, 99% used [0x00000000f5580000,0x00000000f607fff8,0x00000000f6080000)
  from space 4608K, 0% used [0x00000000f6500000,0x00000000f6500000,0x00000000f6980000)
  to   space 4608K, 0% used [0x00000000f6080000,0x00000000f6080000,0x00000000f6500000)
 ParOldGen       total 349696K, used 349694K [0x00000000e0000000, 0x00000000f5580000, 0x00000000f5580000)
  object space 349696K, 99% used [0x00000000e0000000,0x00000000f557f800,0x00000000f5580000)
 Metaspace       used 58015K, committed 58880K, reserved 1105920K
  class space    used 5724K, committed 6080K, reserved 1048576K
}
Event: 1141.457 GC heap before
{Heap before GC invocations=485 (full 336):
 PSYoungGen      total 15872K, used 11263K [0x00000000f5580000, 0x00000000f6a00000, 0x0000000100000000)
  eden space 11264K, 99% used [0x00000000f5580000,0x00000000f607fff8,0x00000000f6080000)
  from space 4608K, 0% used [0x00000000f6500000,0x00000000f6500000,0x00000000f6980000)
  to   space 4608K, 0% used [0x00000000f6080000,0x00000000f6080000,0x00000000f6500000)
 ParOldGen       total 349696K, used 349694K [0x00000000e0000000, 0x00000000f5580000, 0x00000000f5580000)
  object space 349696K, 99% used [0x00000000e0000000,0x00000000f557f850,0x00000000f5580000)
 Metaspace       used 58015K, committed 58880K, reserved 1105920K
  class space    used 5724K, committed 6080K, reserved 1048576K
}
Event: 1142.707 GC heap after
{Heap after GC invocations=485 (full 336):
 PSYoungGen      total 15872K, used 11263K [0x00000000f5580000, 0x00000000f6a00000, 0x0000000100000000)
  eden space 11264K, 99% used [0x00000000f5580000,0x00000000f607fff8,0x00000000f6080000)
  from space 4608K, 0% used [0x00000000f6080000,0x00000000f6080000,0x00000000f6500000)
  to   space 4608K, 0% used [0x00000000f6500000,0x00000000f6500000,0x00000000f6980000)
 ParOldGen       total 349696K, used 349694K [0x00000000e0000000, 0x00000000f5580000, 0x00000000f5580000)
  object space 349696K, 99% used [0x00000000e0000000,0x00000000f557f800,0x00000000f5580000)
 Metaspace       used 58015K, committed 58880K, reserved 1105920K
  class space    used 5724K, committed 6080K, reserved 1048576K
}
Event: 1142.708 GC heap before
{Heap before GC invocations=486 (full 337):
 PSYoungGen      total 15872K, used 11263K [0x00000000f5580000, 0x00000000f6a00000, 0x0000000100000000)
  eden space 11264K, 99% used [0x00000000f5580000,0x00000000f607fff8,0x00000000f6080000)
  from space 4608K, 0% used [0x00000000f6080000,0x00000000f6080000,0x00000000f6500000)
  to   space 4608K, 0% used [0x00000000f6500000,0x00000000f6500000,0x00000000f6980000)
 ParOldGen       total 349696K, used 349695K [0x00000000e0000000, 0x00000000f5580000, 0x00000000f5580000)
  object space 349696K, 99% used [0x00000000e0000000,0x00000000f557fc90,0x00000000f5580000)
 Metaspace       used 58015K, committed 58880K, reserved 1105920K
  class space    used 5724K, committed 6080K, reserved 1048576K
}
Event: 1143.946 GC heap after
{Heap after GC invocations=486 (full 337):
 PSYoungGen      total 15872K, used 11263K [0x00000000f5580000, 0x00000000f6a00000, 0x0000000100000000)
  eden space 11264K, 99% used [0x00000000f5580000,0x00000000f607fff8,0x00000000f6080000)
  from space 4608K, 0% used [0x00000000f6500000,0x00000000f6500000,0x00000000f6980000)
  to   space 4608K, 0% used [0x00000000f6080000,0x00000000f6080000,0x00000000f6500000)
 ParOldGen       total 349696K, used 349694K [0x00000000e0000000, 0x00000000f5580000, 0x00000000f5580000)
  object space 349696K, 99% used [0x00000000e0000000,0x00000000f557faa0,0x00000000f5580000)
 Metaspace       used 58015K, committed 58880K, reserved 1105920K
  class space    used 5724K, committed 6080K, reserved 1048576K
}
Event: 1143.946 GC heap before
{Heap before GC invocations=487 (full 338):
 PSYoungGen      total 15872K, used 11263K [0x00000000f5580000, 0x00000000f6a00000, 0x0000000100000000)
  eden space 11264K, 99% used [0x00000000f5580000,0x00000000f607fff8,0x00000000f6080000)
  from space 4608K, 0% used [0x00000000f6500000,0x00000000f6500000,0x00000000f6980000)
  to   space 4608K, 0% used [0x00000000f6080000,0x00000000f6080000,0x00000000f6500000)
 ParOldGen       total 349696K, used 349694K [0x00000000e0000000, 0x00000000f5580000, 0x00000000f5580000)
  object space 349696K, 99% used [0x00000000e0000000,0x00000000f557faa0,0x00000000f5580000)
 Metaspace       used 58015K, committed 58880K, reserved 1105920K
  class space    used 5724K, committed 6080K, reserved 1048576K
}
Event: 1145.171 GC heap after
{Heap after GC invocations=487 (full 338):
 PSYoungGen      total 15872K, used 11263K [0x00000000f5580000, 0x00000000f6a00000, 0x0000000100000000)
  eden space 11264K, 99% used [0x00000000f5580000,0x00000000f607fff8,0x00000000f6080000)
  from space 4608K, 0% used [0x00000000f6080000,0x00000000f6080000,0x00000000f6500000)
  to   space 4608K, 0% used [0x00000000f6500000,0x00000000f6500000,0x00000000f6980000)
 ParOldGen       total 349696K, used 349694K [0x00000000e0000000, 0x00000000f5580000, 0x00000000f5580000)
  object space 349696K, 99% used [0x00000000e0000000,0x00000000f557faa0,0x00000000f5580000)
 Metaspace       used 58015K, committed 58880K, reserved 1105920K
  class space    used 5724K, committed 6080K, reserved 1048576K
}

